# JRE version: OpenJDK Runtime Environment Temurin-19.0.2+7 (19.0.2+7) (build 19.0.2+7)
# Java VM: OpenJDK 64-Bit Server VM Temurin-19.0.2+7 (19.0.2+7, mixed mode, sharing, tiered, compressed oops, compressed class ptrs, g1 gc, windows-amd64)
GC Precious Log:
 CardTable entry size: 512
 Card Set container configuration: InlinePtr #cards 5 size 8 Array Of Cards #cards 12 size 40 Howl #buckets 4 coarsen threshold 1843 Howl Bitmap #cards 512 size 80 coarsen threshold 460 Card regions per heap region 1 cards per card region 2048
 CPUs: 14 total, 14 available
 Memory: 15819M
 Large Page Support: Disabled
 NUMA Support: Disabled
 Compressed Oops: Enabled (32-bit)
 Heap Region Size: 1M
 Heap Min Capacity: 8M
 Heap Initial Capacity: 248M
 Heap Max Capacity: 1G
 Pre-touch: Disabled
 Parallel Workers: 11
 Concurrent Workers: 3
 Concurrent Refinement Workers: 11
 Periodic GC: Disabled
 String Deduplication is enabled
Heap:
 garbage-first heap   total 181248K, used 118883K [0x00000000c0000000, 0x0000000100000000)
  region size 1024K, 65 young (66560K), 1 survivors (1024K)
 Metaspace       used 25045K, committed 25792K, reserved 1114112K
  class space    used 2568K, committed 2944K, reserved 1048576K
GC Heap History (12 events):
Event: 3.128 GC heap before
{Heap before GC invocations=0 (full 0):
 garbage-first heap   total 253952K, used 23552K [0x00000000c0000000, 0x0000000100000000)
  region size 1024K, 23 young (23552K), 0 survivors (0K)
 Metaspace       used 6934K, committed 7104K, reserved 1114112K
  class space    used 677K, committed 768K, reserved 1048576K
}
Event: 3.141 GC heap after
{Heap after GC invocations=1 (full 0):
 garbage-first heap   total 253952K, used 3885K [0x00000000c0000000, 0x0000000100000000)
  region size 1024K, 3 young (3072K), 3 survivors (3072K)
 Metaspace       used 6934K, committed 7104K, reserved 1114112K
  class space    used 677K, committed 768K, reserved 1048576K
}
Event: 8.933 GC heap before
{Heap before GC invocations=1 (full 0):
 garbage-first heap   total 253952K, used 34605K [0x00000000c0000000, 0x0000000100000000)
  region size 1024K, 33 young (33792K), 3 survivors (3072K)
 Metaspace       used 12889K, committed 13312K, reserved 1114112K
  class space    used 1287K, committed 1472K, reserved 1048576K
}
Event: 8.946 GC heap after
{Heap after GC invocations=2 (full 0):
 garbage-first heap   total 253952K, used 16264K [0x00000000c0000000, 0x0000000100000000)
  region size 1024K, 5 young (5120K), 5 survivors (5120K)
 Metaspace       used 12889K, committed 13312K, reserved 1114112K
  class space    used 1287K, committed 1472K, reserved 1048576K
}
Event: 14.838 GC heap before
{Heap before GC invocations=2 (full 0):
 garbage-first heap   total 253952K, used 102280K [0x00000000c0000000, 0x0000000100000000)
  region size 1024K, 67 young (68608K), 5 survivors (5120K)
 Metaspace       used 19958K, committed 20672K, reserved 1114112K
  class space    used 2076K, committed 2368K, reserved 1048576K
}
Event: 14.856 GC heap after
{Heap after GC invocations=3 (full 0):
 garbage-first heap   total 253952K, used 35515K [0x00000000c0000000, 0x0000000100000000)
  region size 1024K, 9 young (9216K), 9 survivors (9216K)
 Metaspace       used 19958K, committed 20672K, reserved 1114112K
  class space    used 2076K, committed 2368K, reserved 1048576K
}
Event: 16.501 GC heap before
{Heap before GC invocations=3 (full 0):
 garbage-first heap   total 253952K, used 125627K [0x00000000c0000000, 0x0000000100000000)
  region size 1024K, 43 young (44032K), 9 survivors (9216K)
 Metaspace       used 20808K, committed 21504K, reserved 1114112K
  class space    used 2165K, committed 2496K, reserved 1048576K
}
Event: 16.511 GC heap after
{Heap after GC invocations=4 (full 0):
 garbage-first heap   total 253952K, used 52127K [0x00000000c0000000, 0x0000000100000000)
  region size 1024K, 9 young (9216K), 9 survivors (9216K)
 Metaspace       used 20808K, committed 21504K, reserved 1114112K
  class space    used 2165K, committed 2496K, reserved 1048576K
}
Event: 26.898 GC heap before
{Heap before GC invocations=5 (full 0):
 garbage-first heap   total 181248K, used 123807K [0x00000000c0000000, 0x0000000100000000)
  region size 1024K, 80 young (81920K), 9 survivors (9216K)
 Metaspace       used 24838K, committed 25600K, reserved 1114112K
  class space    used 2553K, committed 2880K, reserved 1048576K
}
Event: 26.905 GC heap after
{Heap after GC invocations=6 (full 0):
 garbage-first heap   total 181248K, used 54880K [0x00000000c0000000, 0x0000000100000000)
  region size 1024K, 2 young (2048K), 2 survivors (2048K)
 Metaspace       used 24838K, committed 25600K, reserved 1114112K
  class space    used 2553K, committed 2880K, reserved 1048576K
}
Event: 27.861 GC heap before
{Heap before GC invocations=6 (full 0):
 garbage-first heap   total 181248K, used 61024K [0x00000000c0000000, 0x0000000100000000)
  region size 1024K, 8 young (8192K), 2 survivors (2048K)
 Metaspace       used 24839K, committed 25600K, reserved 1114112K
  class space    used 2553K, committed 2880K, reserved 1048576K
}
Event: 27.863 GC heap after
{Heap after GC invocations=7 (full 0):
 garbage-first heap   total 181248K, used 54371K [0x00000000c0000000, 0x0000000100000000)
  region size 1024K, 1 young (1024K), 1 survivors (1024K)
 Metaspace       used 24839K, committed 25600K, reserved 1114112K
  class space    used 2553K, committed 2880K, reserved 1048576K
}

